<?xml version="1.0" encoding="UTF-8"?>
<!-- Generated by org.testng.reporters.JUnitReportReporter -->
<testsuite hostname="Siva" failures="0" tests="1" name="demoProjectTesting.BothCorrect" time="8.247" errors="0" timestamp="2023-12-21T11:33:41 IST" skipped="0">
  <testcase classname="demoProjectTesting.BothCorrect" name="LoginWithCorrectCredentials" time="8.247"/>
  <system-out/>
</testsuite> <!-- demoProjectTesting.BothCorrect -->
