<?xml version="1.0" encoding="UTF-8"?>
<!-- Generated by org.testng.reporters.JUnitReportReporter -->
<testsuite hostname="Siva" failures="0" tests="1" name="demoProjectTesting.CorrectPassword" time="11.673" errors="0" timestamp="2023-12-21T11:33:41 IST" skipped="0">
  <testcase classname="demoProjectTesting.CorrectPassword" name="LoginWithOnlyCorrectPassword" time="11.673"/>
  <system-out/>
</testsuite> <!-- demoProjectTesting.CorrectPassword -->
