<?xml version="1.0" encoding="UTF-8"?>
<!-- Generated by org.testng.reporters.JUnitReportReporter -->
<testsuite hostname="Siva" failures="0" tests="1" name="demoProjectTesting.CorrectUserName" time="9.344" errors="0" timestamp="2023-12-21T11:33:41 IST" skipped="0">
  <testcase classname="demoProjectTesting.CorrectUserName" name="LoginWithOnlyCorrectUserName" time="9.344"/>
  <system-out/>
</testsuite> <!-- demoProjectTesting.CorrectUserName -->
